2025-12-27 23:28:35 - GymManager - INFO - ==================================================
2025-12-27 23:28:35 - GymManager - INFO - Iniciando GymManager PRO
2025-12-27 23:28:35 - GymManager - INFO - ==================================================
2025-12-27 23:28:35 - GymManager - INFO - Inicializando base de datos...
2025-12-27 23:28:35 - GymManager - INFO - ✅ Base de datos inicializada: 23 tablas + 30 índices + datos iniciales FASE 1 + FASE 2
2025-12-27 23:28:35 - GymManager - INFO - Base de datos inicializada correctamente
2025-12-27 23:28:35 - GymManager - INFO - Aplicación iniciada correctamente
2025-12-27 23:28:50 - GymManager - INFO - Aplicación cerrada con código: 0
2025-12-27 23:29:09 - GymManager - INFO - ==================================================
2025-12-27 23:29:09 - GymManager - INFO - Iniciando GymManager PRO
2025-12-27 23:29:09 - GymManager - INFO - ==================================================
2025-12-27 23:29:09 - GymManager - INFO - Inicializando base de datos...
2025-12-27 23:29:09 - GymManager - INFO - ✅ Base de datos inicializada: 23 tablas + 30 índices + datos iniciales FASE 1 + FASE 2
2025-12-27 23:29:09 - GymManager - INFO - Base de datos inicializada correctamente
2025-12-27 23:29:10 - GymManager - INFO - Aplicación iniciada correctamente
2025-12-27 23:34:43 - GymManager - INFO - Aplicación cerrada con código: 0
2025-12-27 23:36:55 - GymManager - INFO - ==================================================
2025-12-27 23:36:55 - GymManager - INFO - Iniciando GymManager PRO
2025-12-27 23:36:55 - GymManager - INFO - ==================================================
2025-12-27 23:36:55 - GymManager - INFO - Inicializando base de datos...
2025-12-27 23:36:55 - GymManager - INFO - ✅ Base de datos inicializada: 23 tablas + 30 índices + datos iniciales FASE 1 + FASE 2
2025-12-27 23:36:55 - GymManager - INFO - Base de datos inicializada correctamente
2025-12-27 23:36:56 - GymManager - INFO - Aplicación iniciada correctamente
2025-12-27 23:39:24 - GymManager - INFO - ==================================================
2025-12-27 23:39:24 - GymManager - INFO - Iniciando GymManager PRO
2025-12-27 23:39:24 - GymManager - INFO - ==================================================
2025-12-27 23:39:24 - GymManager - INFO - Inicializando base de datos...
2025-12-27 23:39:24 - GymManager - INFO - ✅ Base de datos inicializada: 23 tablas + 30 índices + datos iniciales FASE 1 + FASE 2
2025-12-27 23:39:24 - GymManager - INFO - Base de datos inicializada correctamente
2025-12-27 23:39:25 - GymManager - INFO - Aplicación iniciada correctamente
2025-12-27 23:49:13 - GymManager - INFO - Aplicación cerrada con código: 0
2025-12-27 23:49:17 - GymManager - INFO - ==================================================
2025-12-27 23:49:17 - GymManager - INFO - Iniciando GymManager PRO
2025-12-27 23:49:17 - GymManager - INFO - ==================================================
2025-12-27 23:49:17 - GymManager - INFO - Inicializando base de datos...
2025-12-27 23:49:17 - GymManager - INFO - ✅ Base de datos inicializada: 23 tablas + 30 índices + datos iniciales FASE 1 + FASE 2
2025-12-27 23:49:17 - GymManager - INFO - Base de datos inicializada correctamente
2025-12-27 23:49:18 - GymManager - INFO - Aplicación iniciada correctamente
2025-12-27 23:49:47 - GymManager - INFO - Aplicación cerrada con código: 0
2025-12-27 23:50:54 - GymManager - INFO - ==================================================
2025-12-27 23:50:54 - GymManager - INFO - Iniciando GymManager PRO
2025-12-27 23:50:54 - GymManager - INFO - ==================================================
2025-12-27 23:50:54 - GymManager - INFO - Inicializando base de datos...
2025-12-27 23:50:54 - GymManager - INFO - ✅ Base de datos inicializada: 23 tablas + 30 índices + datos iniciales FASE 1 + FASE 2
2025-12-27 23:50:54 - GymManager - INFO - Base de datos inicializada correctamente
2025-12-27 23:50:54 - GymManager - INFO - Aplicación iniciada correctamente
2025-12-27 23:51:08 - GymManager - INFO - Aplicación cerrada con código: 0
2025-12-27 23:52:05 - GymManager - INFO - ==================================================
2025-12-27 23:52:05 - GymManager - INFO - Iniciando GymManager PRO
2025-12-27 23:52:05 - GymManager - INFO - ==================================================
2025-12-27 23:52:05 - GymManager - INFO - Inicializando base de datos...
2025-12-27 23:52:05 - GymManager - INFO - ✅ Base de datos inicializada: 23 tablas + 30 índices + datos iniciales FASE 1 + FASE 2
2025-12-27 23:52:05 - GymManager - INFO - Base de datos inicializada correctamente
2025-12-27 23:52:06 - GymManager - INFO - Aplicación iniciada correctamente
2025-12-27 23:54:40 - GymManager - INFO - Aplicación cerrada con código: 0
2025-12-27 23:54:42 - GymManager - INFO - ==================================================
2025-12-27 23:54:42 - GymManager - INFO - Iniciando GymManager PRO
2025-12-27 23:54:42 - GymManager - INFO - ==================================================
2025-12-27 23:54:42 - GymManager - INFO - Inicializando base de datos...
2025-12-27 23:54:42 - GymManager - INFO - ✅ Base de datos inicializada: 23 tablas + 30 índices + datos iniciales FASE 1 + FASE 2
2025-12-27 23:54:42 - GymManager - INFO - Base de datos inicializada correctamente
2025-12-27 23:54:43 - GymManager - INFO - Aplicación iniciada correctamente
2025-12-27 23:59:36 - GymManager - INFO - ==================================================
2025-12-27 23:59:36 - GymManager - INFO - Iniciando GymManager PRO
2025-12-27 23:59:36 - GymManager - INFO - ==================================================
2025-12-27 23:59:36 - GymManager - INFO - Inicializando base de datos...
2025-12-27 23:59:36 - GymManager - INFO - ✅ Base de datos inicializada: 23 tablas + 30 índices + datos iniciales FASE 1 + FASE 2
2025-12-27 23:59:36 - GymManager - INFO - Base de datos inicializada correctamente
2025-12-27 23:59:37 - GymManager - INFO - Aplicación iniciada correctamente
2025-12-28 00:01:44 - GymManager - INFO - Aplicación cerrada con código: 0
2025-12-28 00:01:49 - GymManager - INFO - ==================================================
2025-12-28 00:01:49 - GymManager - INFO - Iniciando GymManager PRO
2025-12-28 00:01:49 - GymManager - INFO - ==================================================
2025-12-28 00:01:49 - GymManager - INFO - Inicializando base de datos...
2025-12-28 00:01:49 - GymManager - INFO - ✅ Base de datos inicializada: 23 tablas + 30 índices + datos iniciales FASE 1 + FASE 2
2025-12-28 00:01:49 - GymManager - INFO - Base de datos inicializada correctamente
2025-12-28 00:01:49 - GymManager - INFO - Aplicación iniciada correctamente
2025-12-28 00:02:43 - GymManager - INFO - Aplicación cerrada con código: 0
2025-12-28 00:02:50 - GymManager - INFO - ==================================================
2025-12-28 00:02:50 - GymManager - INFO - Iniciando GymManager PRO
2025-12-28 00:02:50 - GymManager - INFO - ==================================================
2025-12-28 00:02:50 - GymManager - INFO - Inicializando base de datos...
2025-12-28 00:02:50 - GymManager - INFO - ✅ Base de datos inicializada: 23 tablas + 30 índices + datos iniciales FASE 1 + FASE 2
2025-12-28 00:02:50 - GymManager - INFO - Base de datos inicializada correctamente
2025-12-28 00:02:50 - GymManager - INFO - Aplicación iniciada correctamente
2025-12-28 00:09:48 - GymManager - INFO - Aplicación cerrada con código: 0
2025-12-28 00:10:13 - GymManager - INFO - ==================================================
2025-12-28 00:10:13 - GymManager - INFO - Iniciando GymManager PRO
2025-12-28 00:10:13 - GymManager - INFO - ==================================================
2025-12-28 00:10:13 - GymManager - INFO - Inicializando base de datos...
2025-12-28 00:10:13 - GymManager - INFO - ✅ Base de datos inicializada: 23 tablas + 30 índices + datos iniciales FASE 1 + FASE 2
2025-12-28 00:10:13 - GymManager - INFO - Base de datos inicializada correctamente
2025-12-28 00:10:13 - GymManager - INFO - Aplicación iniciada correctamente
2025-12-28 00:10:22 - GymManager - INFO - Aplicación cerrada con código: 0
2025-12-28 00:14:26 - GymManager - INFO - ==================================================
2025-12-28 00:14:26 - GymManager - INFO - Iniciando GymManager PRO
2025-12-28 00:14:26 - GymManager - INFO - ==================================================
2025-12-28 00:14:26 - GymManager - INFO - Inicializando base de datos...
2025-12-28 00:14:26 - GymManager - INFO - ✅ Base de datos inicializada: 23 tablas + 30 índices + datos iniciales FASE 1 + FASE 2
2025-12-28 00:14:26 - GymManager - INFO - Base de datos inicializada correctamente
2025-12-28 00:14:26 - GymManager - INFO - Aplicación iniciada correctamente
2025-12-28 00:17:17 - GymManager - INFO - Aplicación cerrada con código: 0
2025-12-28 00:20:47 - GymManager - INFO - ==================================================
2025-12-28 00:20:47 - GymManager - INFO - Iniciando GymManager PRO
2025-12-28 00:20:47 - GymManager - INFO - ==================================================
2025-12-28 00:20:47 - GymManager - INFO - Inicializando base de datos...
2025-12-28 00:20:47 - GymManager - INFO - ✅ Base de datos inicializada: 23 tablas + 30 índices + datos iniciales FASE 1 + FASE 2
2025-12-28 00:20:47 - GymManager - INFO - Base de datos inicializada correctamente
2025-12-28 00:20:48 - GymManager - INFO - Aplicación iniciada correctamente
2025-12-28 00:26:14 - GymManager - INFO - Aplicación cerrada con código: 0
2025-12-28 00:31:59 - GymManager - INFO - ==================================================
2025-12-28 00:31:59 - GymManager - INFO - Iniciando GymManager PRO
2025-12-28 00:31:59 - GymManager - INFO - ==================================================
2025-12-28 00:31:59 - GymManager - INFO - Inicializando base de datos...
2025-12-28 00:31:59 - GymManager - INFO - ✅ Base de datos inicializada: 23 tablas + 30 índices + datos iniciales FASE 1 + FASE 2
2025-12-28 00:31:59 - GymManager - INFO - Base de datos inicializada correctamente
2025-12-28 00:31:59 - GymManager - INFO - Aplicación iniciada correctamente
2025-12-28 00:39:52 - GymManager - INFO - Aplicación cerrada con código: 0
2025-12-28 00:40:19 - GymManager - INFO - ==================================================
2025-12-28 00:40:19 - GymManager - INFO - Iniciando GymManager PRO
2025-12-28 00:40:19 - GymManager - INFO - ==================================================
2025-12-28 00:40:19 - GymManager - INFO - Inicializando base de datos...
2025-12-28 00:40:19 - GymManager - INFO - ✅ Base de datos inicializada: 23 tablas + 30 índices + datos iniciales FASE 1 + FASE 2
2025-12-28 00:40:19 - GymManager - INFO - Base de datos inicializada correctamente
2025-12-28 00:40:20 - GymManager - INFO - Aplicación iniciada correctamente
2025-12-28 00:44:47 - GymManager - INFO - ==================================================
2025-12-28 00:44:47 - GymManager - INFO - Iniciando GymManager PRO
2025-12-28 00:44:47 - GymManager - INFO - ==================================================
2025-12-28 00:44:47 - GymManager - INFO - Inicializando base de datos...
2025-12-28 00:44:47 - GymManager - INFO - ✅ Base de datos inicializada: 23 tablas + 30 índices + datos iniciales FASE 1 + FASE 2
2025-12-28 00:44:47 - GymManager - INFO - Base de datos inicializada correctamente
2025-12-28 00:44:47 - GymManager - INFO - Aplicación iniciada correctamente
2025-12-28 00:45:38 - GymManager - INFO - ==================================================
2025-12-28 00:45:38 - GymManager - INFO - Iniciando GymManager PRO
2025-12-28 00:45:38 - GymManager - INFO - ==================================================
2025-12-28 00:45:38 - GymManager - INFO - Inicializando base de datos...
2025-12-28 00:45:38 - GymManager - INFO - ✅ Base de datos inicializada: 23 tablas + 30 índices + datos iniciales FASE 1 + FASE 2
2025-12-28 00:45:38 - GymManager - INFO - Base de datos inicializada correctamente
2025-12-28 00:45:39 - GymManager - INFO - Aplicación iniciada correctamente
2025-12-28 00:46:03 - GymManager - INFO - Aplicación cerrada con código: 0
2025-12-28 00:47:35 - GymManager - INFO - ==================================================
2025-12-28 00:47:35 - GymManager - INFO - Iniciando GymManager PRO
2025-12-28 00:47:35 - GymManager - INFO - ==================================================
2025-12-28 00:47:35 - GymManager - INFO - Inicializando base de datos...
2025-12-28 00:47:35 - GymManager - INFO - ✅ Base de datos inicializada: 23 tablas + 30 índices + datos iniciales FASE 1 + FASE 2
2025-12-28 00:47:35 - GymManager - INFO - Base de datos inicializada correctamente
2025-12-28 00:47:35 - GymManager - INFO - Aplicación iniciada correctamente
2025-12-28 00:53:42 - GymManager - INFO - Aplicación cerrada con código: 0
2025-12-28 00:55:45 - GymManager - INFO - ==================================================
2025-12-28 00:55:45 - GymManager - INFO - Iniciando GymManager PRO
2025-12-28 00:55:45 - GymManager - INFO - ==================================================
2025-12-28 00:55:45 - GymManager - INFO - Inicializando base de datos...
2025-12-28 00:55:45 - GymManager - INFO - ✅ Base de datos inicializada: 23 tablas + 30 índices + datos iniciales FASE 1 + FASE 2
2025-12-28 00:55:45 - GymManager - INFO - Base de datos inicializada correctamente
2025-12-28 00:55:46 - GymManager - INFO - Aplicación iniciada correctamente
2025-12-28 01:00:31 - GymManager - INFO - Aplicación cerrada con código: 0
2025-12-28 01:00:35 - GymManager - INFO - ==================================================
2025-12-28 01:00:35 - GymManager - INFO - Iniciando GymManager PRO
2025-12-28 01:00:35 - GymManager - INFO - ==================================================
2025-12-28 01:00:35 - GymManager - INFO - Inicializando base de datos...
2025-12-28 01:00:35 - GymManager - INFO - ✅ Base de datos inicializada: 23 tablas + 30 índices + datos iniciales FASE 1 + FASE 2
2025-12-28 01:00:35 - GymManager - INFO - Base de datos inicializada correctamente
2025-12-28 01:00:36 - GymManager - INFO - Aplicación iniciada correctamente
2025-12-28 01:00:37 - GymManager - INFO - Aplicación cerrada con código: 0
2025-12-28 01:01:08 - GymManager - INFO - ==================================================
2025-12-28 01:01:08 - GymManager - INFO - Iniciando GymManager PRO
2025-12-28 01:01:08 - GymManager - INFO - ==================================================
2025-12-28 01:01:08 - GymManager - INFO - Inicializando base de datos...
2025-12-28 01:01:08 - GymManager - INFO - ✅ Base de datos inicializada: 23 tablas + 30 índices + datos iniciales FASE 1 + FASE 2
2025-12-28 01:01:08 - GymManager - INFO - Base de datos inicializada correctamente
2025-12-28 01:01:08 - GymManager - INFO - Aplicación iniciada correctamente
2025-12-28 01:01:13 - GymManager - INFO - Aplicación cerrada con código: 0
2025-12-28 01:02:33 - GymManager - INFO - ==================================================
2025-12-28 01:02:33 - GymManager - INFO - Iniciando GymManager PRO
2025-12-28 01:02:33 - GymManager - INFO - ==================================================
2025-12-28 01:02:33 - GymManager - INFO - Inicializando base de datos...
2025-12-28 01:02:33 - GymManager - INFO - ✅ Base de datos inicializada: 23 tablas + 30 índices + datos iniciales FASE 1 + FASE 2
2025-12-28 01:02:33 - GymManager - INFO - Base de datos inicializada correctamente
2025-12-28 01:02:33 - GymManager - INFO - Aplicación iniciada correctamente
2025-12-28 01:02:42 - GymManager - INFO - Aplicación cerrada con código: 0
2025-12-28 01:03:37 - GymManager - INFO - ==================================================
2025-12-28 01:03:37 - GymManager - INFO - Iniciando GymManager PRO
2025-12-28 01:03:37 - GymManager - INFO - ==================================================
2025-12-28 01:03:37 - GymManager - INFO - Inicializando base de datos...
2025-12-28 01:03:37 - GymManager - INFO - ✅ Base de datos inicializada: 23 tablas + 30 índices + datos iniciales FASE 1 + FASE 2
2025-12-28 01:03:37 - GymManager - INFO - Base de datos inicializada correctamente
2025-12-28 01:04:25 - GymManager - INFO - ==================================================
2025-12-28 01:04:25 - GymManager - INFO - Iniciando GymManager PRO
2025-12-28 01:04:25 - GymManager - INFO - ==================================================
2025-12-28 01:04:25 - GymManager - INFO - Inicializando base de datos...
2025-12-28 01:04:25 - GymManager - INFO - ✅ Base de datos inicializada: 23 tablas + 30 índices + datos iniciales FASE 1 + FASE 2
2025-12-28 01:04:25 - GymManager - INFO - Base de datos inicializada correctamente
2025-12-28 01:05:55 - GymManager - INFO - ==================================================
2025-12-28 01:05:55 - GymManager - INFO - Iniciando GymManager PRO
2025-12-28 01:05:55 - GymManager - INFO - ==================================================
2025-12-28 01:05:55 - GymManager - INFO - Inicializando base de datos...
2025-12-28 01:05:55 - GymManager - INFO - ✅ Base de datos inicializada: 23 tablas + 30 índices + datos iniciales FASE 1 + FASE 2
2025-12-28 01:05:55 - GymManager - INFO - Base de datos inicializada correctamente
2025-12-28 01:07:13 - GymManager - INFO - ==================================================
2025-12-28 01:07:13 - GymManager - INFO - Iniciando GymManager PRO
2025-12-28 01:07:13 - GymManager - INFO - ==================================================
2025-12-28 01:07:13 - GymManager - INFO - Inicializando base de datos...
2025-12-28 01:07:13 - GymManager - INFO - ✅ Base de datos inicializada: 23 tablas + 30 índices + datos iniciales FASE 1 + FASE 2
2025-12-28 01:07:13 - GymManager - INFO - Base de datos inicializada correctamente
2025-12-28 01:07:28 - GymManager - INFO - ==================================================
2025-12-28 01:07:28 - GymManager - INFO - Iniciando GymManager PRO
2025-12-28 01:07:28 - GymManager - INFO - ==================================================
2025-12-28 01:07:28 - GymManager - INFO - Inicializando base de datos...
2025-12-28 01:07:28 - GymManager - INFO - ✅ Base de datos inicializada: 23 tablas + 30 índices + datos iniciales FASE 1 + FASE 2
2025-12-28 01:07:28 - GymManager - INFO - Base de datos inicializada correctamente
2025-12-28 01:07:45 - GymManager - INFO - ==================================================
2025-12-28 01:07:45 - GymManager - INFO - Iniciando GymManager PRO
2025-12-28 01:07:45 - GymManager - INFO - ==================================================
2025-12-28 01:07:45 - GymManager - INFO - Inicializando base de datos...
2025-12-28 01:07:45 - GymManager - INFO - ✅ Base de datos inicializada: 23 tablas + 30 índices + datos iniciales FASE 1 + FASE 2
2025-12-28 01:07:45 - GymManager - INFO - Base de datos inicializada correctamente
2025-12-28 01:13:32 - GymManager - INFO - ==================================================
2025-12-28 01:13:32 - GymManager - INFO - Iniciando GymManager PRO
2025-12-28 01:13:32 - GymManager - INFO - ==================================================
2025-12-28 01:13:32 - GymManager - INFO - Inicializando base de datos...
2025-12-28 01:13:32 - GymManager - INFO - ✅ Base de datos inicializada: 23 tablas + 30 índices + datos iniciales FASE 1 + FASE 2
2025-12-28 01:13:32 - GymManager - INFO - Base de datos inicializada correctamente
2025-12-28 01:13:32 - GymManager - INFO - Aplicación iniciada correctamente
2025-12-28 01:19:21 - GymManager - INFO - Aplicación cerrada con código: 0
2025-12-28 01:19:51 - GymManager - INFO - ==================================================
2025-12-28 01:19:51 - GymManager - INFO - Iniciando GymManager PRO
2025-12-28 01:19:51 - GymManager - INFO - ==================================================
2025-12-28 01:19:51 - GymManager - INFO - Inicializando base de datos...
2025-12-28 01:19:51 - GymManager - INFO - ✅ Base de datos inicializada: 23 tablas + 30 índices + datos iniciales FASE 1 + FASE 2
2025-12-28 01:19:51 - GymManager - INFO - Base de datos inicializada correctamente
2025-12-28 01:19:51 - GymManager - INFO - Aplicación iniciada correctamente
2025-12-28 01:20:56 - GymManager - INFO - Aplicación cerrada con código: 0
2025-12-28 01:24:41 - GymManager - INFO - ==================================================
2025-12-28 01:24:41 - GymManager - INFO - Iniciando GymManager PRO
2025-12-28 01:24:41 - GymManager - INFO - ==================================================
2025-12-28 01:24:41 - GymManager - INFO - Inicializando base de datos...
2025-12-28 01:24:41 - GymManager - INFO - ✅ Base de datos inicializada: 23 tablas + 30 índices + datos iniciales FASE 1 + FASE 2
2025-12-28 01:24:41 - GymManager - INFO - Base de datos inicializada correctamente
2025-12-28 01:24:42 - GymManager - INFO - Aplicación iniciada correctamente
2025-12-28 01:25:01 - GymManager - INFO - ==================================================
2025-12-28 01:25:01 - GymManager - INFO - Iniciando GymManager PRO
2025-12-28 01:25:01 - GymManager - INFO - ==================================================
2025-12-28 01:25:01 - GymManager - INFO - Inicializando base de datos...
2025-12-28 01:25:01 - GymManager - INFO - ✅ Base de datos inicializada: 23 tablas + 30 índices + datos iniciales FASE 1 + FASE 2
2025-12-28 01:25:01 - GymManager - INFO - Base de datos inicializada correctamente
2025-12-28 01:25:01 - GymManager - INFO - Aplicación iniciada correctamente
2025-12-28 01:28:52 - GymManager - INFO - ==================================================
2025-12-28 01:28:52 - GymManager - INFO - Iniciando GymManager PRO
2025-12-28 01:28:52 - GymManager - INFO - ==================================================
2025-12-28 01:28:52 - GymManager - INFO - Inicializando base de datos...
2025-12-28 01:28:52 - GymManager - INFO - ✅ Base de datos inicializada: 23 tablas + 30 índices + datos iniciales FASE 1 + FASE 2
2025-12-28 01:28:52 - GymManager - INFO - Base de datos inicializada correctamente
2025-12-28 01:28:52 - GymManager - INFO - Aplicación iniciada correctamente
2025-12-28 01:29:48 - GymManager - INFO - Aplicación cerrada con código: 0
2025-12-28 01:41:56 - GymManager - INFO - ==================================================
2025-12-28 01:41:56 - GymManager - INFO - Iniciando GymManager PRO
2025-12-28 01:41:56 - GymManager - INFO - ==================================================
2025-12-28 01:41:56 - GymManager - INFO - Inicializando base de datos...
2025-12-28 01:41:56 - GymManager - INFO - ✅ Base de datos inicializada: 23 tablas + 30 índices + datos iniciales FASE 1 + FASE 2
2025-12-28 01:41:56 - GymManager - INFO - Base de datos inicializada correctamente
2025-12-28 01:41:56 - GymManager - INFO - Aplicación iniciada correctamente
2025-12-28 01:41:59 - GymManager - INFO - Aplicación cerrada con código: 0
2025-12-28 01:42:14 - GymManager - INFO - ==================================================
2025-12-28 01:42:14 - GymManager - INFO - Iniciando GymManager PRO
2025-12-28 01:42:14 - GymManager - INFO - ==================================================
2025-12-28 01:42:14 - GymManager - INFO - Inicializando base de datos...
2025-12-28 01:42:14 - GymManager - INFO - ✅ Base de datos inicializada: 23 tablas + 30 índices + datos iniciales FASE 1 + FASE 2
2025-12-28 01:42:14 - GymManager - INFO - Base de datos inicializada correctamente
2025-12-28 01:42:14 - GymManager - INFO - Aplicación iniciada correctamente
2025-12-28 01:42:42 - GymManager - INFO - Aplicación cerrada con código: 0
2025-12-28 10:01:24 - GymManager - INFO - ==================================================
2025-12-28 10:01:24 - GymManager - INFO - Iniciando GymManager PRO
2025-12-28 10:01:24 - GymManager - INFO - ==================================================
2025-12-28 10:01:24 - GymManager - INFO - Inicializando base de datos...
2025-12-28 10:01:24 - GymManager - INFO - ✅ Base de datos inicializada: 23 tablas + 30 índices + datos iniciales FASE 1 + FASE 2
2025-12-28 10:01:24 - GymManager - INFO - Base de datos inicializada correctamente
2025-12-28 10:01:29 - GymManager - INFO - Aplicación iniciada correctamente
2025-12-28 10:07:02 - GymManager - INFO - Plan actualizado: ID=1
2025-12-28 10:07:02 - GymManager - INFO - Plan actualizado: ID=1
2025-12-28 10:43:44 - GymManager - INFO - Aplicación cerrada con código: 0
2025-12-28 11:06:51 - GymManager - INFO - ==================================================
2025-12-28 11:06:51 - GymManager - INFO - Iniciando GymManager PRO
2025-12-28 11:06:51 - GymManager - INFO - ==================================================
2025-12-28 11:06:51 - GymManager - INFO - Inicializando base de datos...
2025-12-28 11:06:51 - GymManager - INFO - ✅ Base de datos inicializada: 23 tablas + 30 índices + datos iniciales FASE 1 + FASE 2
2025-12-28 11:06:51 - GymManager - INFO - Base de datos inicializada correctamente
2025-12-28 11:06:55 - GymManager - INFO - Aplicación iniciada correctamente
2025-12-28 11:12:08 - GymManager - INFO - ==================================================
2025-12-28 11:12:08 - GymManager - INFO - Iniciando GymManager PRO
2025-12-28 11:12:08 - GymManager - INFO - ==================================================
2025-12-28 11:12:08 - GymManager - INFO - Inicializando base de datos...
2025-12-28 11:12:08 - GymManager - INFO - ✅ Base de datos inicializada: 23 tablas + 30 índices + datos iniciales FASE 1 + FASE 2
2025-12-28 11:12:08 - GymManager - INFO - Base de datos inicializada correctamente
2025-12-28 11:12:09 - GymManager - INFO - Aplicación iniciada correctamente
2025-12-28 11:19:25 - GymManager - INFO - ==================================================
2025-12-28 11:19:25 - GymManager - INFO - Iniciando GymManager PRO
2025-12-28 11:19:25 - GymManager - INFO - ==================================================
2025-12-28 11:19:25 - GymManager - INFO - Inicializando base de datos...
2025-12-28 11:19:25 - GymManager - INFO - ✅ Base de datos inicializada: 23 tablas + 30 índices + datos iniciales FASE 1 + FASE 2
2025-12-28 11:19:25 - GymManager - INFO - Base de datos inicializada correctamente
2025-12-28 11:19:26 - GymManager - INFO - Aplicación iniciada correctamente
2025-12-28 11:46:16 - GymManager - INFO - Aplicación cerrada con código: 0
